<?xml version="1.0" encoding="UTF-8"?>
<!-- Generated by org.testng.reporters.JUnitReportReporter -->
<testsuite hostname="ip-172-31-46-155" failures="0" tests="3" name="testrunner_sample.demo_testrunner" time="5.463" errors="1" timestamp="2026-02-03T10:00:20 UTC" skipped="0">
  <testcase classname="testrunner_sample.demo_testrunner" name="runScenario" time="5.429"/>
  <testcase classname="testrunner_sample.demo_testrunner" name="runScenario" time="0.032">
    <error message="The step &#039;browser1 is open&#039; and 2 other step(s) are undefined.
You can implement these steps using the snippet(s) below:

@Given(&quot;browser1 is open&quot;)
public void browser1_is_open() {
    // Write code here that turns the phrase above into concrete actions
    throw new io.cucumber.java.PendingException();
}
@When(&quot;enter login details&lt;username&gt;and&lt;password&gt;&quot;)
public void enter_login_details_username_and_password() {
    // Write code here that turns the phrase above into concrete actions
    throw new io.cucumber.java.PendingException();
}
@Then(&quot;page navigate to website&quot;)
public void page_navigate_to_website() {
    // Write code here that turns the phrase above into concrete actions
    throw new io.cucumber.java.PendingException();
}
" type="io.cucumber.testng.UndefinedStepException">
      <![CDATA[io.cucumber.testng.UndefinedStepException: The step 'browser1 is open' and 2 other step(s) are undefined.
You can implement these steps using the snippet(s) below:

@Given("browser1 is open")
public void browser1_is_open() {
    // Write code here that turns the phrase above into concrete actions
    throw new io.cucumber.java.PendingException();
}
@When("enter login details<username>and<password>")
public void enter_login_details_username_and_password() {
    // Write code here that turns the phrase above into concrete actions
    throw new io.cucumber.java.PendingException();
}
@Then("page navigate to website")
public void page_navigate_to_website() {
    // Write code here that turns the phrase above into concrete actions
    throw new io.cucumber.java.PendingException();
}

at âœ½.browser1 is open(file:///home/labuser/eclipse-workspace/testrunner_sample/src/test/resources/run/login_demo.feature:8)
]]>
    </error>
  </testcase> <!-- runScenario -->
  <testcase classname="testrunner_sample.demo_testrunner" name="runScenario" time="0.002"/>
</testsuite> <!-- testrunner_sample.demo_testrunner -->
