<?xml version="1.0" encoding="UTF-8"?>
<testng-results ignored="0" total="3" passed="2" failed="1" skipped="0">
  <reporter-output>
  </reporter-output>
  <suite started-at="2026-02-03T10:00:14 UTC" name="Default suite" finished-at="2026-02-03T10:00:19 UTC" duration-ms="5951">
    <groups>
      <group name="cucumber">
        <method signature="AbstractTestNGCucumberTests.runScenario(io.cucumber.testng.PickleWrapper,io.cucumber.testng.FeatureWrapper)[pri:0, instance:testrunner_sample.demo_testrunner@2362f559]" name="runScenario" class="io.cucumber.testng.AbstractTestNGCucumberTests"/>
      </group> <!-- cucumber -->
    </groups>
    <test started-at="2026-02-03T10:00:14 UTC" name="Default test" finished-at="2026-02-03T10:00:19 UTC" duration-ms="5951">
      <class name="testrunner_sample.demo_testrunner">
        <test-method is-config="true" signature="setUpClass(org.testng.ITestContext)[pri:0, instance:testrunner_sample.demo_testrunner@2362f559]" started-at="2026-02-03T10:00:14 UTC" name="setUpClass" finished-at="2026-02-03T10:00:14 UTC" duration-ms="409" status="PASS">
          <params>
            <param index="0">
              <value>
                <![CDATA[org.testng.TestRunner@2a235b8e]]>
              </value>
            </param>
          </params>
          <reporter-output>
          </reporter-output>
        </test-method> <!-- setUpClass -->
        <test-method signature="runScenario(io.cucumber.testng.PickleWrapper,io.cucumber.testng.FeatureWrapper)[pri:0, instance:testrunner_sample.demo_testrunner@2362f559]" started-at="2026-02-03T10:00:14 UTC" name="runScenario" description="Runs Cucumber Scenarios" data-provider="scenarios" finished-at="2026-02-03T10:00:19 UTC" duration-ms="5429" status="PASS">
          <params>
            <param index="0">
              <value>
                <![CDATA["validate google search page working"]]>
              </value>
            </param>
            <param index="1">
              <value>
                <![CDATA["Unknown"]]>
              </value>
            </param>
          </params>
          <reporter-output>
          </reporter-output>
        </test-method> <!-- runScenario -->
        <test-method signature="runScenario(io.cucumber.testng.PickleWrapper,io.cucumber.testng.FeatureWrapper)[pri:0, instance:testrunner_sample.demo_testrunner@2362f559]" started-at="2026-02-03T10:00:19 UTC" name="runScenario" description="Runs Cucumber Scenarios" data-provider="scenarios" finished-at="2026-02-03T10:00:19 UTC" duration-ms="32" status="FAIL">
          <params>
            <param index="0">
              <value>
                <![CDATA["login is successful"]]>
              </value>
            </param>
            <param index="1">
              <value>
                <![CDATA["login_page"]]>
              </value>
            </param>
          </params>
          <exception class="io.cucumber.testng.UndefinedStepException">
            <message>
              <![CDATA[The step 'browser1 is open' and 2 other step(s) are undefined.
You can implement these steps using the snippet(s) below:

@Given("browser1 is open")
public void browser1_is_open() {
    // Write code here that turns the phrase above into concrete actions
    throw new io.cucumber.java.PendingException();
}
@When("enter login details<username>and<password>")
public void enter_login_details_username_and_password() {
    // Write code here that turns the phrase above into concrete actions
    throw new io.cucumber.java.PendingException();
}
@Then("page navigate to website")
public void page_navigate_to_website() {
    // Write code here that turns the phrase above into concrete actions
    throw new io.cucumber.java.PendingException();
}
]]>
            </message>
            <full-stacktrace>
              <![CDATA[io.cucumber.testng.UndefinedStepException: The step 'browser1 is open' and 2 other step(s) are undefined.
You can implement these steps using the snippet(s) below:

@Given("browser1 is open")
public void browser1_is_open() {
    // Write code here that turns the phrase above into concrete actions
    throw new io.cucumber.java.PendingException();
}
@When("enter login details<username>and<password>")
public void enter_login_details_username_and_password() {
    // Write code here that turns the phrase above into concrete actions
    throw new io.cucumber.java.PendingException();
}
@Then("page navigate to website")
public void page_navigate_to_website() {
    // Write code here that turns the phrase above into concrete actions
    throw new io.cucumber.java.PendingException();
}

at ✽.browser1 is open(file:///home/labuser/eclipse-workspace/testrunner_sample/src/test/resources/run/login_demo.feature:8)
]]>
            </full-stacktrace>
          </exception> <!-- io.cucumber.testng.UndefinedStepException -->
          <reporter-output>
          </reporter-output>
        </test-method> <!-- runScenario -->
        <test-method signature="runScenario(io.cucumber.testng.PickleWrapper,io.cucumber.testng.FeatureWrapper)[pri:0, instance:testrunner_sample.demo_testrunner@2362f559]" started-at="2026-02-03T10:00:19 UTC" name="runScenario" description="Runs Cucumber Scenarios" data-provider="scenarios" finished-at="2026-02-03T10:00:19 UTC" duration-ms="2" status="PASS">
          <params>
            <param index="0">
              <value>
                <![CDATA[""]]>
              </value>
            </param>
            <param index="1">
              <value>
                <![CDATA["login_page"]]>
              </value>
            </param>
          </params>
          <reporter-output>
          </reporter-output>
        </test-method> <!-- runScenario -->
        <test-method is-config="true" signature="tearDownClass()[pri:0, instance:testrunner_sample.demo_testrunner@2362f559]" started-at="2026-02-03T10:00:19 UTC" name="tearDownClass" finished-at="2026-02-03T10:00:19 UTC" duration-ms="43" status="PASS">
          <reporter-output>
          </reporter-output>
        </test-method> <!-- tearDownClass -->
      </class> <!-- testrunner_sample.demo_testrunner -->
    </test> <!-- Default test -->
  </suite> <!-- Default suite -->
</testng-results>
