<?xml version="1.0" encoding="UTF-8"?>
<!-- Generated by org.testng.reporters.JUnitXMLReporter -->
<testsuite ignored="0" hostname="ip-172-31-46-155" failures="0" tests="3" name="Default test" time="1.976" errors="0" timestamp="2026-02-10T11:58:53 UTC">
  <testcase classname="restassured_exam.rest_in_peace" name="rest_demo2" time="1.41"/>
  <testcase classname="restassured_exam.rest_in_peace" name="rest_demo2" time="0.053"/>
  <testcase classname="restassured_exam.rest_in_peace" name="rest_demo2" time="0.47"/>
</testsuite> <!-- Default test -->
