<?xml version="1.0" encoding="UTF-8"?>
<!-- Generated by org.testng.reporters.JUnitReportReporter -->
<testsuite hostname="ip-172-31-46-155" failures="0" tests="3" name="attributes.parallel1" time="0.001" errors="0" timestamp="2026-01-21T09:42:30 UTC" skipped="0">
  <testcase classname="attributes.parallel1" name="f3" time="0.001"/>
  <testcase classname="attributes.parallel1" name="f1" time="0.000"/>
  <testcase classname="attributes.parallel1" name="f2" time="0.000"/>
</testsuite> <!-- attributes.parallel1 -->
