<?xml version="1.0" encoding="UTF-8"?>
<!-- Generated by org.testng.reporters.JUnitReportReporter -->
<testsuite hostname="ip-172-31-46-155" failures="0" tests="6" name="test_ng.NewTest1" time="0.015" errors="0" timestamp="2026-01-20T09:24:51 UTC" skipped="0">
  <testcase classname="test_ng.NewTest1" name="f1" time="0.001"/>
  <testcase classname="test_ng.NewTest1" name="f1" time="0.001"/>
  <testcase classname="test_ng.NewTest1" name="f1" time="0.001"/>
  <testcase classname="test_ng.NewTest1" name="f" time="0.001"/>
  <testcase classname="test_ng.NewTest1" name="f" time="0.001"/>
  <testcase classname="test_ng.NewTest1" name="f" time="0.010"/>
</testsuite> <!-- test_ng.NewTest1 -->
