<?xml version="1.0" encoding="UTF-8"?>
<!-- Generated by org.testng.reporters.JUnitReportReporter -->
<testsuite hostname="ip-172-31-46-155" failures="0" tests="3" name="attributes.parallel2" time="0.002" errors="0" timestamp="2026-01-21T09:42:30 UTC" skipped="0">
  <testcase classname="attributes.parallel2" name="f12" time="0.001"/>
  <testcase classname="attributes.parallel2" name="f13" time="0.000"/>
  <testcase classname="attributes.parallel2" name="f11" time="0.001"/>
</testsuite> <!-- attributes.parallel2 -->
