<?xml version="1.0" encoding="UTF-8"?>
<!-- Generated by org.testng.reporters.JUnitReportReporter -->
<testsuite hostname="ip-172-31-46-155" failures="0" tests="3" name="attributes.demo_data_provider" time="0.008" errors="0" timestamp="2026-01-21T11:35:19 UTC" skipped="0">
  <testcase classname="attributes.demo_data_provider" name="testMethod" time="0.006"/>
  <testcase classname="attributes.demo_data_provider" name="testMethod" time="0.001"/>
  <testcase classname="attributes.demo_data_provider" name="testMethod" time="0.001"/>
</testsuite> <!-- attributes.demo_data_provider -->
