<?xml version="1.0" encoding="UTF-8"?>
<testng-results ignored="0" total="1" passed="1" failed="0" skipped="0">
  <reporter-output>
  </reporter-output>
  <suite started-at="2026-01-29T06:05:38 UTC" name="Default suite" finished-at="2026-01-29T06:05:41 UTC" duration-ms="3124">
    <groups>
    </groups>
    <test started-at="2026-01-29T06:05:38 UTC" name="Default test" finished-at="2026-01-29T06:05:41 UTC" duration-ms="3124">
      <class name="selenium_testng_extentreports.extentreports_demo">
        <test-method is-config="true" signature="starttest()[pri:0, instance:selenium_testng_extentreports.extentreports_demo@229f66ed]" started-at="2026-01-29T06:05:38 UTC" name="starttest" finished-at="2026-01-29T06:05:38 UTC" duration-ms="67" status="PASS">
          <reporter-output>
          </reporter-output>
        </test-method> <!-- starttest -->
        <test-method signature="extentest()[pri:0, instance:selenium_testng_extentreports.extentreports_demo@229f66ed]" started-at="2026-01-29T06:05:38 UTC" name="extentest" finished-at="2026-01-29T06:05:41 UTC" duration-ms="2833" status="PASS">
          <reporter-output>
          </reporter-output>
        </test-method> <!-- extentest -->
        <test-method is-config="true" signature="teardown()[pri:0, instance:selenium_testng_extentreports.extentreports_demo@229f66ed]" started-at="2026-01-29T06:05:41 UTC" name="teardown" finished-at="2026-01-29T06:05:41 UTC" duration-ms="192" status="PASS">
          <reporter-output>
          </reporter-output>
        </test-method> <!-- teardown -->
      </class> <!-- selenium_testng_extentreports.extentreports_demo -->
    </test> <!-- Default test -->
  </suite> <!-- Default suite -->
</testng-results>
