<?xml version="1.0" encoding="UTF-8"?>
<!-- Generated by org.testng.reporters.JUnitReportReporter -->
<testsuite hostname="ip-172-31-46-155" failures="0" tests="3" name="restassured_exam.rest_in_peace" time="1.933" errors="0" timestamp="2026-02-10T11:58:53 UTC" skipped="0">
  <testcase classname="restassured_exam.rest_in_peace" name="rest_demo2" time="0.053"/>
  <testcase classname="restassured_exam.rest_in_peace" name="rest_demo2" time="0.470"/>
  <testcase classname="restassured_exam.rest_in_peace" name="rest_demo2" time="1.410"/>
</testsuite> <!-- restassured_exam.rest_in_peace -->
