<?xml version="1.0" encoding="UTF-8"?>
<!-- Generated by org.testng.reporters.JUnitXMLReporter -->
<testsuite ignored="0" hostname="ip-172-31-46-155" failures="0" tests="4" name="Test" time="0.093" errors="0" timestamp="2026-01-25T12:11:56 UTC">
  <testcase classname="test_ng.sample_testng" name="dis" time="0.009"/>
  <testcase classname="test_ng.NewTest" name="f1" time="0.002"/>
  <testcase classname="test_ng.NewTest" name="f2" time="0.01"/>
  <testcase classname="test_ng.sample_annotationTest" name="f" time="0.001"/>
</testsuite> <!-- Test -->
