<?xml version="1.0" encoding="UTF-8"?>
<!-- Generated by org.testng.reporters.JUnitReportReporter -->
<testsuite hostname="ip-172-31-46-155" failures="0" tests="4" name="Rest_assured1.rest_demo" time="1.463" errors="0" timestamp="2026-02-10T08:36:15 UTC" skipped="3">
  <testcase classname="Rest_assured1.rest_demo" name="rest_demo" time="1.463"/>
  <testcase classname="Rest_assured1.rest_demo" name="rest_demo3">
    <skipped/>
  </testcase> <!-- rest_demo3 -->
  <testcase classname="Rest_assured1.rest_demo" name="rest_demo2">
    <skipped/>
  </testcase> <!-- rest_demo2 -->
  <testcase classname="Rest_assured1.rest_demo" name="rest_demo1">
    <skipped/>
  </testcase> <!-- rest_demo1 -->
</testsuite> <!-- Rest_assured1.rest_demo -->
